<?xml version="1.0" encoding="UTF-8"?>
<!-- Generated by org.testng.reporters.JUnitXMLReporter -->
<testsuite ignored="4" hostname="sonyswetha" failures="0" tests="8" name="Surefire test" time="277.685" errors="0" timestamp="2025-09-09T15:32:53 IST">
  <testcase classname="tests.HomePageTest" name="verifyHomePageIsVisible" time="0.03"/>
  <testcase classname="tests.HomePageTest" name="verifyNavigationToLoginPage" time="2.056"/>
  <testcase classname="tests.HomePageTest" name="verifyNavigationToProductsPage" time="8.633"/>
  <testcase classname="tests.LoginTest" name="testValidLogin" time="139.626"/>
  <testcase classname="tests.LoginTest" name="testInvalidLogin" time="4.974"/>
  <testcase classname="tests.PaymentPageTest" name="verifyPaymentAndConfirmOrder" time="8.019"/>
  <testcase classname="tests.ProductsPageTest" name="verifyAllProductsAndProductDetailPage" time="8.376"/>
  <testcase classname="tests.RegisterUserTest" name="testRegisterUser" time="10.996"/>
  <testcase classname="tests.BasicTest" name="@AfterSuite teardownSuite" time="0.0">
    <ignored/>
  </testcase> <!-- @AfterSuite teardownSuite -->
  <testcase classname="tests.BasicTest" name="@AfterSuite teardownSuite" time="0.0">
    <ignored/>
  </testcase> <!-- @AfterSuite teardownSuite -->
  <testcase classname="tests.BasicTest" name="@AfterSuite teardownSuite" time="0.0">
    <ignored/>
  </testcase> <!-- @AfterSuite teardownSuite -->
  <testcase classname="tests.BasicTest" name="@AfterSuite teardownSuite" time="0.0">
    <ignored/>
  </testcase> <!-- @AfterSuite teardownSuite -->
</testsuite> <!-- Surefire test -->
