<?xml version="1.0" encoding="UTF-8"?>
<!-- Generated by org.testng.reporters.JUnitXMLReporter -->
<testsuite ignored="4" hostname="sonyswetha" failures="0" tests="8" name="Surefire test" time="239.417" errors="0" timestamp="2025-09-08T23:52:32 IST">
  <testcase classname="tests.HomePageTest" name="verifyHomePageIsVisible" time="0.027"/>
  <testcase classname="tests.HomePageTest" name="verifyNavigationToLoginPage" time="2.45"/>
  <testcase classname="tests.HomePageTest" name="verifyNavigationToProductsPage" time="32.3"/>
  <testcase classname="tests.LoginTest" name="testValidLogin" time="5.47"/>
  <testcase classname="tests.LoginTest" name="testInvalidLogin" time="2.82"/>
  <testcase classname="tests.PaymentPageTest" name="verifyPaymentAndConfirmOrder" time="16.694"/>
  <testcase classname="tests.ProductsPageTest" name="verifyAllProductsAndProductDetailPage" time="35.752"/>
  <testcase classname="tests.RegisterUserTest" name="testRegisterUser" time="26.694"/>
  <testcase classname="tests.BasicTest" name="@AfterSuite teardownSuite" time="0.0">
    <ignored/>
  </testcase> <!-- @AfterSuite teardownSuite -->
  <testcase classname="tests.BasicTest" name="@AfterSuite teardownSuite" time="0.0">
    <ignored/>
  </testcase> <!-- @AfterSuite teardownSuite -->
  <testcase classname="tests.BasicTest" name="@AfterSuite teardownSuite" time="0.0">
    <ignored/>
  </testcase> <!-- @AfterSuite teardownSuite -->
  <testcase classname="tests.BasicTest" name="@AfterSuite teardownSuite" time="0.0">
    <ignored/>
  </testcase> <!-- @AfterSuite teardownSuite -->
</testsuite> <!-- Surefire test -->
