<?xml version="1.0" encoding="UTF-8"?>
<testng-results ignored="0" total="8" passed="8" failed="0" skipped="0">
  <reporter-output>
  </reporter-output>
  <suite started-at="2025-09-08T23:48:33 IST" name="Surefire suite" finished-at="2025-09-08T23:52:32 IST" duration-ms="239417">
    <groups>
    </groups>
    <test started-at="2025-09-08T23:48:33 IST" name="Surefire test" finished-at="2025-09-08T23:52:32 IST" duration-ms="239417">
      <class name="tests.LoginTest">
        <test-method is-config="true" signature="setup()[pri:0, instance:tests.LoginTest@10e31a9a]" started-at="2025-09-08T23:50:24 IST" name="setup" finished-at="2025-09-08T23:50:26 IST" duration-ms="1695" status="PASS">
          <reporter-output>
          </reporter-output>
        </test-method> <!-- setup -->
        <test-method is-config="true" signature="setupLogin()[pri:0, instance:tests.LoginTest@10e31a9a]" started-at="2025-09-08T23:50:26 IST" name="setupLogin" finished-at="2025-09-08T23:50:31 IST" duration-ms="4427" status="PASS">
          <reporter-output>
          </reporter-output>
        </test-method> <!-- setupLogin -->
        <test-method signature="testValidLogin()[pri:1, instance:tests.LoginTest@10e31a9a]" started-at="2025-09-08T23:50:31 IST" name="testValidLogin" finished-at="2025-09-08T23:50:36 IST" duration-ms="5470" status="PASS">
          <reporter-output>
          </reporter-output>
        </test-method> <!-- testValidLogin -->
        <test-method is-config="true" signature="setup()[pri:0, instance:tests.LoginTest@10e31a9a]" started-at="2025-09-08T23:50:36 IST" name="setup" finished-at="2025-09-08T23:50:37 IST" duration-ms="1133" status="PASS">
          <reporter-output>
          </reporter-output>
        </test-method> <!-- setup -->
        <test-method is-config="true" signature="setupLogin()[pri:0, instance:tests.LoginTest@10e31a9a]" started-at="2025-09-08T23:50:37 IST" name="setupLogin" finished-at="2025-09-08T23:50:42 IST" duration-ms="4921" status="PASS">
          <reporter-output>
          </reporter-output>
        </test-method> <!-- setupLogin -->
        <test-method signature="testInvalidLogin()[pri:2, instance:tests.LoginTest@10e31a9a]" started-at="2025-09-08T23:50:42 IST" name="testInvalidLogin" finished-at="2025-09-08T23:50:45 IST" duration-ms="2820" status="PASS">
          <reporter-output>
          </reporter-output>
        </test-method> <!-- testInvalidLogin -->
      </class> <!-- tests.LoginTest -->
      <class name="tests.BasicTest">
        <test-method is-config="true" signature="teardownSuite()[pri:0, instance:tests.BasicTest@72d1ad2e]" started-at="2025-09-08T23:52:33 IST" name="teardownSuite" finished-at="2025-09-08T23:52:33 IST" duration-ms="1" status="PASS">
          <reporter-output>
          </reporter-output>
        </test-method> <!-- teardownSuite -->
      </class> <!-- tests.BasicTest -->
      <class name="tests.ProductsPageTest">
        <test-method is-config="true" signature="setup()[pri:0, instance:tests.ProductsPageTest@7d8995e]" started-at="2025-09-08T23:51:04 IST" name="setup" finished-at="2025-09-08T23:51:06 IST" duration-ms="2438" status="PASS">
          <reporter-output>
          </reporter-output>
        </test-method> <!-- setup -->
        <test-method signature="verifyAllProductsAndProductDetailPage()[pri:0, instance:tests.ProductsPageTest@7d8995e]" started-at="2025-09-08T23:51:06 IST" name="verifyAllProductsAndProductDetailPage" description="Test Case 8: Verify All Products and Product Detail Page" finished-at="2025-09-08T23:51:42 IST" duration-ms="35752" status="PASS">
          <reporter-output>
          </reporter-output>
        </test-method> <!-- verifyAllProductsAndProductDetailPage -->
      </class> <!-- tests.ProductsPageTest -->
      <class name="tests.HomePageTest">
        <test-method is-config="true" signature="setup()[pri:0, instance:tests.HomePageTest@3febb011]" started-at="2025-09-08T23:48:33 IST" name="setup" finished-at="2025-09-08T23:48:43 IST" duration-ms="10087" status="PASS">
          <reporter-output>
          </reporter-output>
        </test-method> <!-- setup -->
        <test-method signature="verifyHomePageIsVisible()[pri:1, instance:tests.HomePageTest@3febb011]" started-at="2025-09-08T23:48:43 IST" name="verifyHomePageIsVisible" finished-at="2025-09-08T23:48:43 IST" duration-ms="27" status="PASS">
          <reporter-output>
          </reporter-output>
        </test-method> <!-- verifyHomePageIsVisible -->
        <test-method is-config="true" signature="tearDown()[pri:0, instance:tests.HomePageTest@3febb011]" started-at="2025-09-08T23:48:43 IST" name="tearDown" finished-at="2025-09-08T23:48:43 IST" duration-ms="342" status="PASS">
          <reporter-output>
          </reporter-output>
        </test-method> <!-- tearDown -->
        <test-method is-config="true" signature="setup()[pri:0, instance:tests.HomePageTest@3febb011]" started-at="2025-09-08T23:48:43 IST" name="setup" finished-at="2025-09-08T23:49:42 IST" duration-ms="58879" status="PASS">
          <reporter-output>
          </reporter-output>
        </test-method> <!-- setup -->
        <test-method signature="verifyNavigationToLoginPage()[pri:2, instance:tests.HomePageTest@3febb011]" started-at="2025-09-08T23:49:42 IST" name="verifyNavigationToLoginPage" finished-at="2025-09-08T23:49:45 IST" duration-ms="2450" status="PASS">
          <reporter-output>
          </reporter-output>
        </test-method> <!-- verifyNavigationToLoginPage -->
        <test-method is-config="true" signature="tearDown()[pri:0, instance:tests.HomePageTest@3febb011]" started-at="2025-09-08T23:49:45 IST" name="tearDown" finished-at="2025-09-08T23:49:45 IST" duration-ms="279" status="PASS">
          <reporter-output>
          </reporter-output>
        </test-method> <!-- tearDown -->
        <test-method is-config="true" signature="setup()[pri:0, instance:tests.HomePageTest@3febb011]" started-at="2025-09-08T23:49:45 IST" name="setup" finished-at="2025-09-08T23:49:52 IST" duration-ms="6706" status="PASS">
          <reporter-output>
          </reporter-output>
        </test-method> <!-- setup -->
        <test-method signature="verifyNavigationToProductsPage()[pri:3, instance:tests.HomePageTest@3febb011]" started-at="2025-09-08T23:49:52 IST" name="verifyNavigationToProductsPage" finished-at="2025-09-08T23:50:24 IST" duration-ms="32300" status="PASS">
          <reporter-output>
          </reporter-output>
        </test-method> <!-- verifyNavigationToProductsPage -->
        <test-method is-config="true" signature="tearDown()[pri:0, instance:tests.HomePageTest@3febb011]" started-at="2025-09-08T23:50:24 IST" name="tearDown" finished-at="2025-09-08T23:50:24 IST" duration-ms="346" status="PASS">
          <reporter-output>
          </reporter-output>
        </test-method> <!-- tearDown -->
      </class> <!-- tests.HomePageTest -->
      <class name="tests.PaymentPageTest">
        <test-method is-config="true" signature="setup()[pri:0, instance:tests.PaymentPageTest@6cf0e0ba]" started-at="2025-09-08T23:50:45 IST" name="setup" finished-at="2025-09-08T23:50:47 IST" duration-ms="2203" status="PASS">
          <reporter-output>
          </reporter-output>
        </test-method> <!-- setup -->
        <test-method signature="verifyPaymentAndConfirmOrder()[pri:0, instance:tests.PaymentPageTest@6cf0e0ba]" started-at="2025-09-08T23:50:47 IST" name="verifyPaymentAndConfirmOrder" finished-at="2025-09-08T23:51:04 IST" duration-ms="16694" status="PASS">
          <reporter-output>
          </reporter-output>
        </test-method> <!-- verifyPaymentAndConfirmOrder -->
      </class> <!-- tests.PaymentPageTest -->
      <class name="tests.RegisterUserTest">
        <test-method is-config="true" signature="setup()[pri:0, instance:tests.RegisterUserTest@130d63be]" started-at="2025-09-08T23:51:42 IST" name="setup" finished-at="2025-09-08T23:51:45 IST" duration-ms="2262" status="PASS">
          <reporter-output>
          </reporter-output>
        </test-method> <!-- setup -->
        <test-method is-config="true" signature="setupTest()[pri:0, instance:tests.RegisterUserTest@130d63be]" started-at="2025-09-08T23:51:45 IST" name="setupTest" finished-at="2025-09-08T23:52:05 IST" duration-ms="20220" status="PASS">
          <reporter-output>
          </reporter-output>
        </test-method> <!-- setupTest -->
        <test-method signature="testRegisterUser()[pri:0, instance:tests.RegisterUserTest@130d63be]" started-at="2025-09-08T23:52:05 IST" name="testRegisterUser" finished-at="2025-09-08T23:52:32 IST" duration-ms="26694" status="PASS">
          <reporter-output>
          </reporter-output>
        </test-method> <!-- testRegisterUser -->
        <test-method is-config="true" signature="tearDownTest()[pri:0, instance:tests.RegisterUserTest@130d63be]" started-at="2025-09-08T23:52:32 IST" name="tearDownTest" finished-at="2025-09-08T23:52:32 IST" duration-ms="311" status="PASS">
          <reporter-output>
          </reporter-output>
        </test-method> <!-- tearDownTest -->
      </class> <!-- tests.RegisterUserTest -->
    </test> <!-- Surefire test -->
  </suite> <!-- Surefire suite -->
</testng-results>
