<?xml version="1.0" encoding="UTF-8"?>
<testng-results ignored="0" total="8" passed="8" failed="0" skipped="0">
  <reporter-output>
  </reporter-output>
  <suite started-at="2025-09-09T15:28:15 IST" name="Surefire suite" finished-at="2025-09-09T15:32:53 IST" duration-ms="277685">
    <groups>
    </groups>
    <test started-at="2025-09-09T15:28:15 IST" name="Surefire test" finished-at="2025-09-09T15:32:53 IST" duration-ms="277685">
      <class name="tests.LoginTest">
        <test-method is-config="true" signature="setup()[pri:0, instance:tests.LoginTest@49ec71f8]" started-at="2025-09-09T15:29:13 IST" name="setup" finished-at="2025-09-09T15:29:14 IST" duration-ms="1021" status="PASS">
          <reporter-output>
          </reporter-output>
        </test-method> <!-- setup -->
        <test-method is-config="true" signature="setupLogin()[pri:0, instance:tests.LoginTest@49ec71f8]" started-at="2025-09-09T15:29:14 IST" name="setupLogin" finished-at="2025-09-09T15:29:47 IST" duration-ms="32835" status="PASS">
          <reporter-output>
          </reporter-output>
        </test-method> <!-- setupLogin -->
        <test-method signature="testValidLogin()[pri:1, instance:tests.LoginTest@49ec71f8]" started-at="2025-09-09T15:29:47 IST" name="testValidLogin" finished-at="2025-09-09T15:32:06 IST" duration-ms="139626" status="PASS">
          <reporter-output>
          </reporter-output>
        </test-method> <!-- testValidLogin -->
        <test-method is-config="true" signature="setup()[pri:0, instance:tests.LoginTest@49ec71f8]" started-at="2025-09-09T15:32:07 IST" name="setup" finished-at="2025-09-09T15:32:08 IST" duration-ms="1362" status="PASS">
          <reporter-output>
          </reporter-output>
        </test-method> <!-- setup -->
        <test-method is-config="true" signature="setupLogin()[pri:0, instance:tests.LoginTest@49ec71f8]" started-at="2025-09-09T15:32:08 IST" name="setupLogin" finished-at="2025-09-09T15:32:12 IST" duration-ms="4633" status="PASS">
          <reporter-output>
          </reporter-output>
        </test-method> <!-- setupLogin -->
        <test-method signature="testInvalidLogin()[pri:2, instance:tests.LoginTest@49ec71f8]" started-at="2025-09-09T15:32:12 IST" name="testInvalidLogin" finished-at="2025-09-09T15:32:17 IST" duration-ms="4974" status="PASS">
          <reporter-output>
          </reporter-output>
        </test-method> <!-- testInvalidLogin -->
      </class> <!-- tests.LoginTest -->
      <class name="tests.BasicTest">
        <test-method is-config="true" signature="teardownSuite()[pri:0, instance:tests.BasicTest@245b4bdc]" started-at="2025-09-09T15:32:54 IST" name="teardownSuite" finished-at="2025-09-09T15:32:54 IST" duration-ms="2" status="PASS">
          <reporter-output>
          </reporter-output>
        </test-method> <!-- teardownSuite -->
      </class> <!-- tests.BasicTest -->
      <class name="tests.ProductsPageTest">
        <test-method is-config="true" signature="setup()[pri:0, instance:tests.ProductsPageTest@5b8dfcc1]" started-at="2025-09-09T15:32:27 IST" name="setup" finished-at="2025-09-09T15:32:28 IST" duration-ms="1120" status="PASS">
          <reporter-output>
          </reporter-output>
        </test-method> <!-- setup -->
        <test-method signature="verifyAllProductsAndProductDetailPage()[pri:0, instance:tests.ProductsPageTest@5b8dfcc1]" started-at="2025-09-09T15:32:28 IST" name="verifyAllProductsAndProductDetailPage" description="Test Case 8: Verify All Products and Product Detail Page" finished-at="2025-09-09T15:32:37 IST" duration-ms="8376" status="PASS">
          <reporter-output>
          </reporter-output>
        </test-method> <!-- verifyAllProductsAndProductDetailPage -->
      </class> <!-- tests.ProductsPageTest -->
      <class name="tests.HomePageTest">
        <test-method is-config="true" signature="setup()[pri:0, instance:tests.HomePageTest@16d04d3d]" started-at="2025-09-09T15:28:16 IST" name="setup" finished-at="2025-09-09T15:28:23 IST" duration-ms="7407" status="PASS">
          <reporter-output>
          </reporter-output>
        </test-method> <!-- setup -->
        <test-method signature="verifyHomePageIsVisible()[pri:1, instance:tests.HomePageTest@16d04d3d]" started-at="2025-09-09T15:28:23 IST" name="verifyHomePageIsVisible" finished-at="2025-09-09T15:28:23 IST" duration-ms="30" status="PASS">
          <reporter-output>
          </reporter-output>
        </test-method> <!-- verifyHomePageIsVisible -->
        <test-method is-config="true" signature="tearDown()[pri:0, instance:tests.HomePageTest@16d04d3d]" started-at="2025-09-09T15:28:23 IST" name="tearDown" finished-at="2025-09-09T15:28:23 IST" duration-ms="288" status="PASS">
          <reporter-output>
          </reporter-output>
        </test-method> <!-- tearDown -->
        <test-method is-config="true" signature="setup()[pri:0, instance:tests.HomePageTest@16d04d3d]" started-at="2025-09-09T15:28:23 IST" name="setup" finished-at="2025-09-09T15:28:51 IST" duration-ms="27516" status="PASS">
          <reporter-output>
          </reporter-output>
        </test-method> <!-- setup -->
        <test-method signature="verifyNavigationToLoginPage()[pri:2, instance:tests.HomePageTest@16d04d3d]" started-at="2025-09-09T15:28:51 IST" name="verifyNavigationToLoginPage" finished-at="2025-09-09T15:28:53 IST" duration-ms="2056" status="PASS">
          <reporter-output>
          </reporter-output>
        </test-method> <!-- verifyNavigationToLoginPage -->
        <test-method is-config="true" signature="tearDown()[pri:0, instance:tests.HomePageTest@16d04d3d]" started-at="2025-09-09T15:28:53 IST" name="tearDown" finished-at="2025-09-09T15:28:53 IST" duration-ms="216" status="PASS">
          <reporter-output>
          </reporter-output>
        </test-method> <!-- tearDown -->
        <test-method is-config="true" signature="setup()[pri:0, instance:tests.HomePageTest@16d04d3d]" started-at="2025-09-09T15:28:53 IST" name="setup" finished-at="2025-09-09T15:29:04 IST" duration-ms="10761" status="PASS">
          <reporter-output>
          </reporter-output>
        </test-method> <!-- setup -->
        <test-method signature="verifyNavigationToProductsPage()[pri:3, instance:tests.HomePageTest@16d04d3d]" started-at="2025-09-09T15:29:04 IST" name="verifyNavigationToProductsPage" finished-at="2025-09-09T15:29:13 IST" duration-ms="8633" status="PASS">
          <reporter-output>
          </reporter-output>
        </test-method> <!-- verifyNavigationToProductsPage -->
        <test-method is-config="true" signature="tearDown()[pri:0, instance:tests.HomePageTest@16d04d3d]" started-at="2025-09-09T15:29:13 IST" name="tearDown" finished-at="2025-09-09T15:29:13 IST" duration-ms="186" status="PASS">
          <reporter-output>
          </reporter-output>
        </test-method> <!-- tearDown -->
      </class> <!-- tests.HomePageTest -->
      <class name="tests.PaymentPageTest">
        <test-method is-config="true" signature="setup()[pri:0, instance:tests.PaymentPageTest@72967906]" started-at="2025-09-09T15:32:18 IST" name="setup" finished-at="2025-09-09T15:32:19 IST" duration-ms="1617" status="PASS">
          <reporter-output>
          </reporter-output>
        </test-method> <!-- setup -->
        <test-method signature="verifyPaymentAndConfirmOrder()[pri:0, instance:tests.PaymentPageTest@72967906]" started-at="2025-09-09T15:32:19 IST" name="verifyPaymentAndConfirmOrder" finished-at="2025-09-09T15:32:27 IST" duration-ms="8019" status="PASS">
          <reporter-output>
          </reporter-output>
        </test-method> <!-- verifyPaymentAndConfirmOrder -->
      </class> <!-- tests.PaymentPageTest -->
      <class name="tests.RegisterUserTest">
        <test-method is-config="true" signature="setup()[pri:0, instance:tests.RegisterUserTest@2f9f7dcf]" started-at="2025-09-09T15:32:37 IST" name="setup" finished-at="2025-09-09T15:32:38 IST" duration-ms="1347" status="PASS">
          <reporter-output>
          </reporter-output>
        </test-method> <!-- setup -->
        <test-method is-config="true" signature="setupTest()[pri:0, instance:tests.RegisterUserTest@2f9f7dcf]" started-at="2025-09-09T15:32:38 IST" name="setupTest" finished-at="2025-09-09T15:32:42 IST" duration-ms="3610" status="PASS">
          <reporter-output>
          </reporter-output>
        </test-method> <!-- setupTest -->
        <test-method signature="testRegisterUser()[pri:0, instance:tests.RegisterUserTest@2f9f7dcf]" started-at="2025-09-09T15:32:42 IST" name="testRegisterUser" finished-at="2025-09-09T15:32:53 IST" duration-ms="10996" status="PASS">
          <reporter-output>
          </reporter-output>
        </test-method> <!-- testRegisterUser -->
        <test-method is-config="true" signature="tearDownTest()[pri:0, instance:tests.RegisterUserTest@2f9f7dcf]" started-at="2025-09-09T15:32:53 IST" name="tearDownTest" finished-at="2025-09-09T15:32:53 IST" duration-ms="228" status="PASS">
          <reporter-output>
          </reporter-output>
        </test-method> <!-- tearDownTest -->
      </class> <!-- tests.RegisterUserTest -->
    </test> <!-- Surefire test -->
  </suite> <!-- Surefire suite -->
</testng-results>
