<?xml version="1.0" encoding="UTF-8"?>
<testng-results ignored="0" total="1" passed="1" failed="0" skipped="0">
  <reporter-output>
  </reporter-output>
  <suite started-at="2025-09-08T01:48:50 IST" name="Default suite" finished-at="2025-09-08T01:49:11 IST" duration-ms="20788">
    <groups>
    </groups>
    <test started-at="2025-09-08T01:48:50 IST" name="Default test" finished-at="2025-09-08T01:49:11 IST" duration-ms="20788">
      <class name="tests.RegisterUserTest">
        <test-method is-config="true" signature="setup()[pri:0, instance:tests.RegisterUserTest@37f1104d]" started-at="2025-09-08T01:48:50 IST" name="setup" finished-at="2025-09-08T01:48:54 IST" duration-ms="3702" status="PASS">
          <reporter-output>
          </reporter-output>
        </test-method> <!-- setup -->
        <test-method is-config="true" signature="setupTest()[pri:0, instance:tests.RegisterUserTest@37f1104d]" started-at="2025-09-08T01:48:54 IST" name="setupTest" finished-at="2025-09-08T01:49:00 IST" duration-ms="6019" status="PASS">
          <reporter-output>
          </reporter-output>
        </test-method> <!-- setupTest -->
        <test-method signature="testRegisterUser()[pri:0, instance:tests.RegisterUserTest@37f1104d]" started-at="2025-09-08T01:49:00 IST" name="testRegisterUser" finished-at="2025-09-08T01:49:10 IST" duration-ms="10037" status="PASS">
          <reporter-output>
          </reporter-output>
        </test-method> <!-- testRegisterUser -->
        <test-method is-config="true" signature="tearDownTest()[pri:0, instance:tests.RegisterUserTest@37f1104d]" started-at="2025-09-08T01:49:10 IST" name="tearDownTest" finished-at="2025-09-08T01:49:11 IST" duration-ms="623" status="PASS">
          <reporter-output>
          </reporter-output>
        </test-method> <!-- tearDownTest -->
        <test-method is-config="true" signature="teardownSuite()[pri:0, instance:tests.RegisterUserTest@37f1104d]" started-at="2025-09-08T01:49:12 IST" name="teardownSuite" finished-at="2025-09-08T01:49:12 IST" duration-ms="1" status="PASS">
          <reporter-output>
          </reporter-output>
        </test-method> <!-- teardownSuite -->
      </class> <!-- tests.RegisterUserTest -->
    </test> <!-- Default test -->
  </suite> <!-- Default suite -->
</testng-results>
